CRITICAL - 2020-05-24 21:43:23 --> Call to undefined method CodeIgniter\Database\MySQLi\Connection::dropTable()
#0 /var/www/ci4/web/vendor/codeigniter4/framework/system/Database/MigrationRunner.php(1060): App\Database\Migrations\AddUsers->down()
#1 /var/www/ci4/web/vendor/codeigniter4/framework/system/Database/MigrationRunner.php(354): CodeIgniter\Database\MigrationRunner->migrate()
#2 /var/www/ci4/web/vendor/codeigniter4/framework/system/Commands/Database/MigrateRollback.php(133): CodeIgniter\Database\MigrationRunner->regress()
#3 /var/www/ci4/web/vendor/codeigniter4/framework/system/CLI/CommandRunner.php(137): CodeIgniter\Commands\Database\MigrateRollback->run()
#4 /var/www/ci4/web/vendor/codeigniter4/framework/system/CLI/CommandRunner.php(110): CodeIgniter\CLI\CommandRunner->runCommand()
#5 /var/www/ci4/web/vendor/codeigniter4/framework/system/CLI/CommandRunner.php(86): CodeIgniter\CLI\CommandRunner->index()
#6 /var/www/ci4/web/vendor/codeigniter4/framework/system/CodeIgniter.php(910): CodeIgniter\CLI\CommandRunner->_remap()
#7 /var/www/ci4/web/vendor/codeigniter4/framework/system/CodeIgniter.php(400): CodeIgniter\CodeIgniter->runController()
#8 /var/www/ci4/web/vendor/codeigniter4/framework/system/CodeIgniter.php(308): CodeIgniter\CodeIgniter->handleRequest()
#9 /var/www/ci4/web/vendor/codeigniter4/framework/system/CLI/Console.php(86): CodeIgniter\CodeIgniter->run()
#10 /var/www/ci4/web/spark(57): CodeIgniter\CLI\Console->run()
#11 {main}
CRITICAL - 2020-05-24 21:54:45 --> Call to undefined method CodeIgniter\Database\MySQLi\Result::toSql()
#0 /var/www/ci4/web/vendor/codeigniter4/framework/system/Database/MigrationRunner.php(1060): App\Database\Migrations\AddUsers->up()
#1 /var/www/ci4/web/vendor/codeigniter4/framework/system/Database/MigrationRunner.php(223): CodeIgniter\Database\MigrationRunner->migrate()
#2 /var/www/ci4/web/vendor/codeigniter4/framework/system/Commands/Database/Migrate.php(128): CodeIgniter\Database\MigrationRunner->latest()
#3 /var/www/ci4/web/vendor/codeigniter4/framework/system/CLI/CommandRunner.php(137): CodeIgniter\Commands\Database\Migrate->run()
#4 /var/www/ci4/web/vendor/codeigniter4/framework/system/CLI/CommandRunner.php(110): CodeIgniter\CLI\CommandRunner->runCommand()
#5 /var/www/ci4/web/vendor/codeigniter4/framework/system/CLI/CommandRunner.php(86): CodeIgniter\CLI\CommandRunner->index()
#6 /var/www/ci4/web/vendor/codeigniter4/framework/system/CodeIgniter.php(910): CodeIgniter\CLI\CommandRunner->_remap()
#7 /var/www/ci4/web/vendor/codeigniter4/framework/system/CodeIgniter.php(400): CodeIgniter\CodeIgniter->runController()
#8 /var/www/ci4/web/vendor/codeigniter4/framework/system/CodeIgniter.php(308): CodeIgniter\CodeIgniter->handleRequest()
#9 /var/www/ci4/web/vendor/codeigniter4/framework/system/CLI/Console.php(86): CodeIgniter\CodeIgniter->run()
#10 /var/www/ci4/web/spark(57): CodeIgniter\CLI\Console->run()
#11 {main}
